<?xml version="1.0" encoding="UTF-8"?>
<testng-results ignored="1" total="12" passed="10" failed="1" skipped="0">
  <reporter-output>
  </reporter-output>
  <suite started-at="2022-05-20T12:10:01 IST" name="Suite" finished-at="2022-05-20T12:10:26 IST" duration-ms="24955">
    <groups>
    </groups>
    <test started-at="2022-05-20T12:10:01 IST" name="Test" finished-at="2022-05-20T12:10:26 IST" duration-ms="24955">
      <class name="vishal.RestAssured.Booking">
        <test-method is-config="true" signature="initialize_log4j()[pri:0, instance:vishal.RestAssured.Booking@3d2ee678]" started-at="2022-05-20T12:10:01 IST" name="initialize_log4j" finished-at="2022-05-20T12:10:01 IST" duration-ms="19" status="PASS">
          <reporter-output>
          </reporter-output>
        </test-method> <!-- initialize_log4j -->
        <test-method is-config="true" signature="start()[pri:0, instance:vishal.RestAssured.Booking@3d2ee678]" started-at="2022-05-20T12:10:01 IST" name="start" finished-at="2022-05-20T12:10:01 IST" duration-ms="11" status="PASS">
          <reporter-output>
          </reporter-output>
        </test-method> <!-- start -->
        <test-method signature="createBooking(java.lang.String,java.lang.String)[pri:0, instance:vishal.RestAssured.Booking@3d2ee678]" started-at="2022-05-20T12:10:04 IST" name="createBooking" data-provider="Excel" finished-at="2022-05-20T12:10:08 IST" duration-ms="4011" status="PASS">
          <params>
            <param index="0">
              <value>
                <![CDATA[Aman]]>
              </value>
            </param>
            <param index="1">
              <value>
                <![CDATA[Sharma]]>
              </value>
            </param>
          </params>
          <reporter-output>
          </reporter-output>
        </test-method> <!-- createBooking -->
        <test-method signature="createBooking(java.lang.String,java.lang.String)[pri:0, instance:vishal.RestAssured.Booking@3d2ee678]" started-at="2022-05-20T12:10:08 IST" name="createBooking" data-provider="Excel" finished-at="2022-05-20T12:10:10 IST" duration-ms="1287" status="PASS">
          <params>
            <param index="0">
              <value>
                <![CDATA[Akash]]>
              </value>
            </param>
            <param index="1">
              <value>
                <![CDATA[Tiwari]]>
              </value>
            </param>
          </params>
          <reporter-output>
          </reporter-output>
        </test-method> <!-- createBooking -->
        <test-method signature="createBooking(java.lang.String,java.lang.String)[pri:0, instance:vishal.RestAssured.Booking@3d2ee678]" started-at="2022-05-20T12:10:10 IST" name="createBooking" data-provider="Excel" finished-at="2022-05-20T12:10:11 IST" duration-ms="1259" status="PASS">
          <params>
            <param index="0">
              <value>
                <![CDATA[Arun]]>
              </value>
            </param>
            <param index="1">
              <value>
                <![CDATA[Kumar]]>
              </value>
            </param>
          </params>
          <reporter-output>
          </reporter-output>
        </test-method> <!-- createBooking -->
        <test-method signature="createBooking(java.lang.String,java.lang.String)[pri:0, instance:vishal.RestAssured.Booking@3d2ee678]" started-at="2022-05-20T12:10:11 IST" name="createBooking" data-provider="Excel" finished-at="2022-05-20T12:10:12 IST" duration-ms="1278" status="PASS">
          <params>
            <param index="0">
              <value>
                <![CDATA[Tarun]]>
              </value>
            </param>
            <param index="1">
              <value>
                <![CDATA[Rawat]]>
              </value>
            </param>
          </params>
          <reporter-output>
          </reporter-output>
        </test-method> <!-- createBooking -->
        <test-method signature="deleteBooking()[pri:0, instance:vishal.RestAssured.Booking@3d2ee678]" started-at="2022-05-20T12:10:12 IST" name="deleteBooking" finished-at="2022-05-20T12:10:15 IST" duration-ms="3400" status="FAIL">
          <exception class="org.junit.ComparisonFailure">
            <message>
              <![CDATA[expected:<HTTP/1.1 [201 Creat]ed> but was:<HTTP/1.1 [405 Method Not Allow]ed>]]>
            </message>
            <full-stacktrace>
              <![CDATA[org.junit.ComparisonFailure: expected:<HTTP/1.1 [201 Creat]ed> but was:<HTTP/1.1 [405 Method Not Allow]ed>
at org.junit.Assert.assertEquals(Assert.java:125)
at org.junit.Assert.assertEquals(Assert.java:147)
at vishal.RestAssured.Booking.deleteBooking(Booking.java:98)
at java.base/jdk.internal.reflect.DirectMethodHandleAccessor.invoke(DirectMethodHandleAccessor.java:104)
at java.base/java.lang.reflect.Method.invoke(Method.java:577)
at org.testng.internal.MethodInvocationHelper.invokeMethod(MethodInvocationHelper.java:133)
at org.testng.internal.TestInvoker.invokeMethod(TestInvoker.java:598)
at org.testng.internal.TestInvoker.invokeTestMethod(TestInvoker.java:173)
at org.testng.internal.MethodRunner.runInSequence(MethodRunner.java:46)
at org.testng.internal.TestInvoker$MethodInvocationAgent.invoke(TestInvoker.java:824)
at org.testng.internal.TestInvoker.invokeTestMethods(TestInvoker.java:146)
at org.testng.internal.TestMethodWorker.invokeTestMethods(TestMethodWorker.java:146)
at org.testng.internal.TestMethodWorker.run(TestMethodWorker.java:128)
at java.base/java.util.ArrayList.forEach(ArrayList.java:1511)
at org.testng.TestRunner.privateRun(TestRunner.java:794)
at org.testng.TestRunner.run(TestRunner.java:596)
at org.testng.SuiteRunner.runTest(SuiteRunner.java:377)
at org.testng.SuiteRunner.runSequentially(SuiteRunner.java:371)
at org.testng.SuiteRunner.privateRun(SuiteRunner.java:332)
at org.testng.SuiteRunner.run(SuiteRunner.java:276)
at org.testng.SuiteRunnerWorker.runSuite(SuiteRunnerWorker.java:53)
at org.testng.SuiteRunnerWorker.run(SuiteRunnerWorker.java:96)
at org.testng.TestNG.runSuitesSequentially(TestNG.java:1212)
at org.testng.TestNG.runSuitesLocally(TestNG.java:1134)
at org.testng.TestNG.runSuites(TestNG.java:1063)
at org.testng.TestNG.run(TestNG.java:1031)
at org.testng.remote.AbstractRemoteTestNG.run(AbstractRemoteTestNG.java:115)
at org.testng.remote.RemoteTestNG.initAndRun(RemoteTestNG.java:251)
at org.testng.remote.RemoteTestNG.main(RemoteTestNG.java:77)
]]>
            </full-stacktrace>
          </exception> <!-- org.junit.ComparisonFailure -->
          <reporter-output>
          </reporter-output>
        </test-method> <!-- deleteBooking -->
        <test-method signature="partialUpdateBooking()[pri:0, instance:vishal.RestAssured.Booking@3d2ee678]" started-at="2022-05-20T12:10:15 IST" name="partialUpdateBooking" finished-at="2022-05-20T12:10:18 IST" duration-ms="2531" status="PASS">
          <reporter-output>
          </reporter-output>
        </test-method> <!-- partialUpdateBooking -->
        <test-method signature="updateBooking()[pri:0, instance:vishal.RestAssured.Booking@3d2ee678]" started-at="2022-05-20T12:10:18 IST" name="updateBooking" finished-at="2022-05-20T12:10:20 IST" duration-ms="1533" status="PASS">
          <reporter-output>
          </reporter-output>
        </test-method> <!-- updateBooking -->
        <test-method is-config="true" signature="end()[pri:0, instance:vishal.RestAssured.Booking@3d2ee678]" started-at="2022-05-20T12:10:20 IST" name="end" finished-at="2022-05-20T12:10:20 IST" duration-ms="3" status="PASS">
          <reporter-output>
          </reporter-output>
        </test-method> <!-- end -->
      </class> <!-- vishal.RestAssured.Booking -->
      <class name="vishal.RestAssured.BookingIDs">
        <test-method is-config="true" signature="start()[pri:0, instance:vishal.RestAssured.BookingIDs@6399551e]" started-at="2022-05-20T12:10:20 IST" name="start" finished-at="2022-05-20T12:10:20 IST" duration-ms="3" status="PASS">
          <reporter-output>
          </reporter-output>
        </test-method> <!-- start -->
        <test-method signature="getBooking()[pri:0, instance:vishal.RestAssured.BookingIDs@6399551e]" started-at="2022-05-20T12:10:20 IST" name="getBooking" finished-at="2022-05-20T12:10:21 IST" duration-ms="1495" status="PASS">
          <reporter-output>
          </reporter-output>
        </test-method> <!-- getBooking -->
        <test-method signature="getBookingIDs()[pri:0, instance:vishal.RestAssured.BookingIDs@6399551e]" started-at="2022-05-20T12:10:21 IST" name="getBookingIDs" finished-at="2022-05-20T12:10:23 IST" duration-ms="1914" status="PASS">
          <reporter-output>
          </reporter-output>
        </test-method> <!-- getBookingIDs -->
        <test-method signature="getBookingIDsByDate()[pri:0, instance:vishal.RestAssured.BookingIDs@6399551e]" started-at="2022-05-20T12:10:23 IST" name="getBookingIDsByDate" finished-at="2022-05-20T12:10:24 IST" duration-ms="1379" status="PASS">
          <reporter-output>
          </reporter-output>
        </test-method> <!-- getBookingIDsByDate -->
        <test-method signature="getBookingIDsByName()[pri:0, instance:vishal.RestAssured.BookingIDs@6399551e]" started-at="2022-05-20T12:10:24 IST" name="getBookingIDsByName" finished-at="2022-05-20T12:10:26 IST" duration-ms="1888" status="PASS">
          <reporter-output>
          </reporter-output>
        </test-method> <!-- getBookingIDsByName -->
        <test-method is-config="true" signature="end()[pri:0, instance:vishal.RestAssured.BookingIDs@6399551e]" started-at="2022-05-20T12:10:26 IST" name="end" finished-at="2022-05-20T12:10:26 IST" duration-ms="1" status="PASS">
          <reporter-output>
          </reporter-output>
        </test-method> <!-- end -->
      </class> <!-- vishal.RestAssured.BookingIDs -->
    </test> <!-- Test -->
  </suite> <!-- Suite -->
</testng-results>
