<?xml version="1.0" encoding="UTF-8"?>
<!-- Generated by org.testng.reporters.JUnitXMLReporter -->
<testsuite ignored="1" hostname="DESKTOP-39GVIKO" failures="0" tests="2" name="English" time="12.494" errors="0" timestamp="2022-10-12T15:05:38 IST">
  <testcase classname="tests.HomePageTest" name="HomePageFooterTest" time="1.991"/>
  <testcase classname="tests.HomePageTest" name="HomePageHeaderTest" time="0.178"/>
  <testcase classname="tests.HomePageTest" name="@AfterTest tearDown" time="0.0">
    <ignored/>
  </testcase> <!-- @AfterTest tearDown -->
</testsuite> <!-- English -->
