<?xml version="1.0" encoding="UTF-8"?>
<!-- Generated by org.testng.reporters.JUnitXMLReporter -->
<testsuite ignored="1" hostname="DESKTOP-39GVIKO" failures="0" tests="2" name="French" time="9.742" errors="0" timestamp="2022-10-12T15:05:48 IST">
  <testcase classname="tests.HomePageTest" name="HomePageFooterTest" time="0.875"/>
  <testcase classname="tests.HomePageTest" name="HomePageHeaderTest" time="0.155"/>
  <testcase classname="tests.HomePageTest" name="@AfterTest tearDown" time="0.0">
    <ignored/>
  </testcase> <!-- @AfterTest tearDown -->
</testsuite> <!-- French -->
