<?xml version="1.0" encoding="UTF-8"?>
<!-- Generated by org.testng.reporters.JUnitXMLReporter -->
<testsuite ignored="1" hostname="DESKTOP-39GVIKO" failures="1" tests="11" name="Test" time="24.955" errors="0" timestamp="2022-05-20T12:10:26 IST">
  <testcase classname="vishal.RestAssured.Booking" name="createBooking" time="4.011"/>
  <testcase classname="vishal.RestAssured.Booking" name="createBooking" time="1.287"/>
  <testcase classname="vishal.RestAssured.Booking" name="createBooking" time="1.259"/>
  <testcase classname="vishal.RestAssured.Booking" name="createBooking" time="1.278"/>
  <testcase classname="vishal.RestAssured.Booking" name="deleteBooking" time="3.4">
    <failure type="org.junit.ComparisonFailure" message="expected:&amp;lt;HTTP/1.1 [201 Creat]ed&amp;gt; but was:&amp;lt;HTTP/1.1 [405 Method Not Allow]ed&amp;gt;">
      <![CDATA[org.junit.ComparisonFailure: expected:<HTTP/1.1 [201 Creat]ed> but was:<HTTP/1.1 [405 Method Not Allow]ed>
at org.junit.Assert.assertEquals(Assert.java:125)
at org.junit.Assert.assertEquals(Assert.java:147)
at vishal.RestAssured.Booking.deleteBooking(Booking.java:98)
at java.base/java.util.ArrayList.forEach(ArrayList.java:1511)
... Removed 25 stack frames]]>
    </failure>
  </testcase> <!-- deleteBooking -->
  <testcase classname="vishal.RestAssured.Booking" name="partialUpdateBooking" time="2.531"/>
  <testcase classname="vishal.RestAssured.Booking" name="updateBooking" time="1.533"/>
  <testcase classname="vishal.RestAssured.BookingIDs" name="getBooking" time="1.495"/>
  <testcase classname="vishal.RestAssured.BookingIDs" name="getBookingIDs" time="1.914"/>
  <testcase classname="vishal.RestAssured.BookingIDs" name="getBookingIDsByDate" time="1.379"/>
  <testcase classname="vishal.RestAssured.BookingIDs" name="getBookingIDsByName" time="1.888"/>
  <testcase classname="vishal.RestAssured.Base" name="@BeforeSuite initialize_log4j" time="0.0">
    <ignored/>
  </testcase> <!-- @BeforeSuite initialize_log4j -->
</testsuite> <!-- Test -->
