<?xml version="1.0" encoding="UTF-8"?>
<testng-results ignored="2" total="6" passed="4" failed="0" skipped="0">
  <reporter-output>
  </reporter-output>
  <suite started-at="2022-10-12T15:05:26 IST" name="Suite" finished-at="2022-10-12T15:05:48 IST" duration-ms="22278">
    <groups>
    </groups>
    <test started-at="2022-10-12T15:05:26 IST" name="English" finished-at="2022-10-12T15:05:38 IST" duration-ms="12494">
      <class name="tests.HomePageTest">
        <test-method is-config="true" signature="setup(java.lang.String,java.lang.String)[pri:0, instance:tests.HomePageTest@6302bbb1]" started-at="2022-10-12T15:05:26 IST" name="setup" finished-at="2022-10-12T15:05:35 IST" duration-ms="9696" status="PASS">
          <params>
            <param index="0">
              <value>
                <![CDATA[chrome]]>
              </value>
            </param>
            <param index="1">
              <value>
                <![CDATA[en]]>
              </value>
            </param>
          </params>
          <reporter-output>
          </reporter-output>
        </test-method> <!-- setup -->
        <test-method signature="HomePageFooterTest(java.lang.String)[pri:0, instance:tests.HomePageTest@6302bbb1]" started-at="2022-10-12T15:05:35 IST" name="HomePageFooterTest" finished-at="2022-10-12T15:05:37 IST" duration-ms="1991" status="PASS">
          <params>
            <param index="0">
              <value>
                <![CDATA[en]]>
              </value>
            </param>
          </params>
          <reporter-output>
          </reporter-output>
        </test-method> <!-- HomePageFooterTest -->
        <test-method signature="HomePageHeaderTest(java.lang.String)[pri:0, instance:tests.HomePageTest@6302bbb1]" started-at="2022-10-12T15:05:37 IST" name="HomePageHeaderTest" finished-at="2022-10-12T15:05:38 IST" duration-ms="178" status="PASS">
          <params>
            <param index="0">
              <value>
                <![CDATA[en]]>
              </value>
            </param>
          </params>
          <reporter-output>
          </reporter-output>
        </test-method> <!-- HomePageHeaderTest -->
      </class> <!-- tests.HomePageTest -->
      <class name="base.Base">
        <test-method is-config="true" signature="tearDown()[pri:0, instance:base.Base@4f83df68]" started-at="2022-10-12T15:05:38 IST" name="tearDown" finished-at="2022-10-12T15:05:38 IST" duration-ms="540" status="PASS">
          <reporter-output>
          </reporter-output>
        </test-method> <!-- tearDown -->
      </class> <!-- base.Base -->
    </test> <!-- English -->
    <test started-at="2022-10-12T15:05:38 IST" name="French" finished-at="2022-10-12T15:05:48 IST" duration-ms="9742">
      <class name="tests.HomePageTest">
        <test-method is-config="true" signature="setup(java.lang.String,java.lang.String)[pri:0, instance:tests.HomePageTest@36ebc363]" started-at="2022-10-12T15:05:38 IST" name="setup" finished-at="2022-10-12T15:05:46 IST" duration-ms="8218" status="PASS">
          <params>
            <param index="0">
              <value>
                <![CDATA[chrome]]>
              </value>
            </param>
            <param index="1">
              <value>
                <![CDATA[fr]]>
              </value>
            </param>
          </params>
          <reporter-output>
          </reporter-output>
        </test-method> <!-- setup -->
        <test-method signature="HomePageFooterTest(java.lang.String)[pri:0, instance:tests.HomePageTest@36ebc363]" started-at="2022-10-12T15:05:46 IST" name="HomePageFooterTest" finished-at="2022-10-12T15:05:47 IST" duration-ms="875" status="PASS">
          <params>
            <param index="0">
              <value>
                <![CDATA[fr]]>
              </value>
            </param>
          </params>
          <reporter-output>
          </reporter-output>
        </test-method> <!-- HomePageFooterTest -->
        <test-method signature="HomePageHeaderTest(java.lang.String)[pri:0, instance:tests.HomePageTest@36ebc363]" started-at="2022-10-12T15:05:47 IST" name="HomePageHeaderTest" finished-at="2022-10-12T15:05:47 IST" duration-ms="155" status="PASS">
          <params>
            <param index="0">
              <value>
                <![CDATA[fr]]>
              </value>
            </param>
          </params>
          <reporter-output>
          </reporter-output>
        </test-method> <!-- HomePageHeaderTest -->
      </class> <!-- tests.HomePageTest -->
      <class name="base.Base">
        <test-method is-config="true" signature="tearDown()[pri:0, instance:base.Base@22555ebf]" started-at="2022-10-12T15:05:47 IST" name="tearDown" finished-at="2022-10-12T15:05:48 IST" duration-ms="483" status="PASS">
          <reporter-output>
          </reporter-output>
        </test-method> <!-- tearDown -->
      </class> <!-- base.Base -->
    </test> <!-- French -->
  </suite> <!-- Suite -->
</testng-results>
