<?xml version="1.0" encoding="UTF-8"?>
<!-- Generated by org.testng.reporters.JUnitXMLReporter -->
<testsuite ignored="5" hostname="DESKTOP-39GVIKO" failures="0" tests="2" name="Default test" time="9.229" errors="0" timestamp="2022-10-14T22:35:11 IST">
  <testcase classname="swagger.petstore.pet" name="addPet" time="7.061"/>
  <testcase classname="swagger.petstore.pet" name="deletePet" time="1.375"/>
  <testcase classname="swagger.petstore.pet" name="findPet" time="0.0">
    <ignored/>
  </testcase> <!-- findPet -->
  <testcase classname="swagger.petstore.pet" name="updatePet" time="0.0">
    <ignored/>
  </testcase> <!-- updatePet -->
  <testcase classname="swagger.petstore.pet" name="getStatus" time="0.0">
    <ignored/>
  </testcase> <!-- getStatus -->
  <testcase classname="swagger.petstore.pet" name="modifyPet" time="0.0">
    <ignored/>
  </testcase> <!-- modifyPet -->
  <testcase classname="swagger.petstore.pet" name="uploadImage" time="0.0">
    <ignored/>
  </testcase> <!-- uploadImage -->
</testsuite> <!-- Default test -->
