<?xml version="1.0" encoding="UTF-8"?>
<!-- Generated by org.testng.reporters.JUnitXMLReporter -->
<testsuite ignored="0" hostname="DESKTOP-39GVIKO" failures="0" tests="7" name="Default test" time="18.649" errors="0" timestamp="2022-05-19T13:10:01 IST">
  <testcase classname="vishal.RestAssured.Booking" name="createBooking" time="4.045"/>
  <testcase classname="vishal.RestAssured.Booking" name="createBooking" time="1.319"/>
  <testcase classname="vishal.RestAssured.Booking" name="createBooking" time="1.319"/>
  <testcase classname="vishal.RestAssured.Booking" name="createBooking" time="1.393"/>
  <testcase classname="vishal.RestAssured.Booking" name="deleteBooking" time="3.526"/>
  <testcase classname="vishal.RestAssured.Booking" name="partialUpdateBooking" time="2.68"/>
  <testcase classname="vishal.RestAssured.Booking" name="updateBooking" time="1.281"/>
</testsuite> <!-- Default test -->
